2025-03-07T16:46:53.100+01:00  INFO 2468 --- [ecommerce-shop] [main] c.e.plugins.EcommerceShopApplication     : Starting EcommerceShopApplication using Java 18.0.2.1 with PID 2468 (C:\Users\Luca\Desktop\dev\PE-E-Commerce-Shop\backend\ecommerce-shop\0-plugins\target\classes started by Luca in C:\Users\Luca\Desktop\dev\PE-E-Commerce-Shop)
2025-03-07T16:46:53.103+01:00  INFO 2468 --- [ecommerce-shop] [main] c.e.plugins.EcommerceShopApplication     : No active profile set, falling back to 1 default profile: "default"
2025-03-07T16:46:53.605+01:00  INFO 2468 --- [ecommerce-shop] [main] .s.d.r.c.RepositoryConfigurationDelegate : Bootstrapping Spring Data JPA repositories in DEFAULT mode.
2025-03-07T16:46:53.627+01:00  INFO 2468 --- [ecommerce-shop] [main] .s.d.r.c.RepositoryConfigurationDelegate : Finished Spring Data repository scanning in 12 ms. Found 0 JPA repository interfaces.
2025-03-07T16:46:54.103+01:00  INFO 2468 --- [ecommerce-shop] [main] o.s.b.w.embedded.tomcat.TomcatWebServer  : Tomcat initialized with port 8080 (http)
2025-03-07T16:46:54.120+01:00  INFO 2468 --- [ecommerce-shop] [main] o.apache.catalina.core.StandardService   : Starting service [Tomcat]
2025-03-07T16:46:54.121+01:00  INFO 2468 --- [ecommerce-shop] [main] o.apache.catalina.core.StandardEngine    : Starting Servlet engine: [Apache Tomcat/10.1.36]
2025-03-07T16:46:54.188+01:00  INFO 2468 --- [ecommerce-shop] [main] o.a.c.c.C.[Tomcat].[localhost].[/]       : Initializing Spring embedded WebApplicationContext
2025-03-07T16:46:54.189+01:00  INFO 2468 --- [ecommerce-shop] [main] w.s.c.ServletWebServerApplicationContext : Root WebApplicationContext: initialization completed in 1049 ms
2025-03-07T16:46:54.274+01:00  INFO 2468 --- [ecommerce-shop] [main] com.zaxxer.hikari.HikariDataSource       : HikariPool-1 - Starting...
2025-03-07T16:46:54.496+01:00  INFO 2468 --- [ecommerce-shop] [main] com.zaxxer.hikari.pool.HikariPool        : HikariPool-1 - Added connection org.postgresql.jdbc.PgConnection@35b17c06
2025-03-07T16:46:54.498+01:00  INFO 2468 --- [ecommerce-shop] [main] com.zaxxer.hikari.HikariDataSource       : HikariPool-1 - Start completed.
2025-03-07T16:46:54.671+01:00  INFO 2468 --- [ecommerce-shop] [main] o.hibernate.jpa.internal.util.LogHelper  : HHH000204: Processing PersistenceUnitInfo [name: default]
2025-03-07T16:46:54.732+01:00  INFO 2468 --- [ecommerce-shop] [main] org.hibernate.Version                    : HHH000412: Hibernate ORM core version 6.6.8.Final
2025-03-07T16:46:54.773+01:00  INFO 2468 --- [ecommerce-shop] [main] o.h.c.internal.RegionFactoryInitiator    : HHH000026: Second-level cache disabled
2025-03-07T16:46:55.090+01:00  INFO 2468 --- [ecommerce-shop] [main] o.s.o.j.p.SpringPersistenceUnitInfo      : No LoadTimeWeaver setup: ignoring JPA class transformer
2025-03-07T16:46:55.168+01:00  WARN 2468 --- [ecommerce-shop] [main] org.hibernate.orm.deprecation            : HHH90000025: PostgreSQLDialect does not need to be specified explicitly using 'hibernate.dialect' (remove the property setting and it will be selected by default)
2025-03-07T16:46:55.185+01:00  INFO 2468 --- [ecommerce-shop] [main] org.hibernate.orm.connections.pooling    : HHH10001005: Database info:
	Database JDBC URL [Connecting through datasource 'HikariDataSource (HikariPool-1)']
	Database driver: undefined/unknown
	Database version: 17.4
	Autocommit mode: undefined/unknown
	Isolation level: undefined/unknown
	Minimum pool size: undefined/unknown
	Maximum pool size: undefined/unknown
2025-03-07T16:46:55.480+01:00  INFO 2468 --- [ecommerce-shop] [main] o.h.e.t.j.p.i.JtaPlatformInitiator       : HHH000489: No JTA platform available (set 'hibernate.transaction.jta.platform' to enable JTA platform integration)
2025-03-07T16:46:55.484+01:00  INFO 2468 --- [ecommerce-shop] [main] j.LocalContainerEntityManagerFactoryBean : Initialized JPA EntityManagerFactory for persistence unit 'default'
2025-03-07T16:46:55.520+01:00  WARN 2468 --- [ecommerce-shop] [main] JpaBaseConfiguration$JpaWebConfiguration : spring.jpa.open-in-view is enabled by default. Therefore, database queries may be performed during view rendering. Explicitly configure spring.jpa.open-in-view to disable this warning
2025-03-07T16:46:55.613+01:00 DEBUG 2468 --- [ecommerce-shop] [main] s.w.s.m.m.a.RequestMappingHandlerMapping : 2 mappings in 'requestMappingHandlerMapping'
2025-03-07T16:46:55.694+01:00 DEBUG 2468 --- [ecommerce-shop] [main] o.s.w.s.handler.SimpleUrlHandlerMapping  : Patterns [/webjars/**, /**] in 'resourceHandlerMapping'
2025-03-07T16:46:55.726+01:00 DEBUG 2468 --- [ecommerce-shop] [main] s.w.s.m.m.a.RequestMappingHandlerAdapter : ControllerAdvice beans: 0 @ModelAttribute, 0 @InitBinder, 1 RequestBodyAdvice, 1 ResponseBodyAdvice
2025-03-07T16:46:55.779+01:00 DEBUG 2468 --- [ecommerce-shop] [main] .m.m.a.ExceptionHandlerExceptionResolver : ControllerAdvice beans: 0 @ExceptionHandler, 1 ResponseBodyAdvice
2025-03-07T16:46:55.876+01:00  INFO 2468 --- [ecommerce-shop] [main] o.s.b.w.embedded.tomcat.TomcatWebServer  : Tomcat started on port 8080 (http) with context path '/'
2025-03-07T16:46:55.883+01:00  INFO 2468 --- [ecommerce-shop] [main] c.e.plugins.EcommerceShopApplication     : Started EcommerceShopApplication in 3.166 seconds (process running for 3.451)
2025-03-07T16:47:28.364+01:00  INFO 2468 --- [ecommerce-shop] [SpringApplicationShutdownHook] o.s.b.w.e.tomcat.GracefulShutdown        : Commencing graceful shutdown. Waiting for active requests to complete
2025-03-07T16:47:28.399+01:00  INFO 2468 --- [ecommerce-shop] [tomcat-shutdown] o.s.b.w.e.tomcat.GracefulShutdown        : Graceful shutdown complete
2025-03-07T16:47:28.402+01:00  INFO 2468 --- [ecommerce-shop] [SpringApplicationShutdownHook] j.LocalContainerEntityManagerFactoryBean : Closing JPA EntityManagerFactory for persistence unit 'default'
2025-03-07T16:47:28.404+01:00  INFO 2468 --- [ecommerce-shop] [SpringApplicationShutdownHook] com.zaxxer.hikari.HikariDataSource       : HikariPool-1 - Shutdown initiated...
2025-03-07T16:47:28.406+01:00  INFO 2468 --- [ecommerce-shop] [SpringApplicationShutdownHook] com.zaxxer.hikari.HikariDataSource       : HikariPool-1 - Shutdown completed.
2025-03-07T17:57:18.054+01:00  INFO 3668 --- [ecommerce-shop] [main] c.e.plugins.EcommerceShopApplication     : Starting EcommerceShopApplication using Java 18.0.2.1 with PID 3668 (C:\Users\Luca\Desktop\dev\PE-E-Commerce-Shop\backend\ecommerce-shop\0-plugins\target\classes started by Luca in C:\Users\Luca\Desktop\dev\PE-E-Commerce-Shop)
2025-03-07T17:57:18.057+01:00  INFO 3668 --- [ecommerce-shop] [main] c.e.plugins.EcommerceShopApplication     : No active profile set, falling back to 1 default profile: "default"
2025-03-07T17:57:18.613+01:00  INFO 3668 --- [ecommerce-shop] [main] .s.d.r.c.RepositoryConfigurationDelegate : Bootstrapping Spring Data JPA repositories in DEFAULT mode.
2025-03-07T17:57:18.631+01:00  INFO 3668 --- [ecommerce-shop] [main] .s.d.r.c.RepositoryConfigurationDelegate : Finished Spring Data repository scanning in 9 ms. Found 0 JPA repository interfaces.
2025-03-07T17:57:19.114+01:00  INFO 3668 --- [ecommerce-shop] [main] o.s.b.w.embedded.tomcat.TomcatWebServer  : Tomcat initialized with port 8080 (http)
2025-03-07T17:57:19.128+01:00  INFO 3668 --- [ecommerce-shop] [main] o.apache.catalina.core.StandardService   : Starting service [Tomcat]
2025-03-07T17:57:19.129+01:00  INFO 3668 --- [ecommerce-shop] [main] o.apache.catalina.core.StandardEngine    : Starting Servlet engine: [Apache Tomcat/10.1.36]
2025-03-07T17:57:19.189+01:00  INFO 3668 --- [ecommerce-shop] [main] o.a.c.c.C.[Tomcat].[localhost].[/]       : Initializing Spring embedded WebApplicationContext
2025-03-07T17:57:19.190+01:00  INFO 3668 --- [ecommerce-shop] [main] w.s.c.ServletWebServerApplicationContext : Root WebApplicationContext: initialization completed in 1100 ms
2025-03-07T17:57:19.279+01:00  INFO 3668 --- [ecommerce-shop] [main] com.zaxxer.hikari.HikariDataSource       : HikariPool-1 - Starting...
2025-03-07T17:57:19.553+01:00  INFO 3668 --- [ecommerce-shop] [main] com.zaxxer.hikari.pool.HikariPool        : HikariPool-1 - Added connection org.postgresql.jdbc.PgConnection@32120956
2025-03-07T17:57:19.555+01:00  INFO 3668 --- [ecommerce-shop] [main] com.zaxxer.hikari.HikariDataSource       : HikariPool-1 - Start completed.
2025-03-07T17:57:19.645+01:00  INFO 3668 --- [ecommerce-shop] [main] o.hibernate.jpa.internal.util.LogHelper  : HHH000204: Processing PersistenceUnitInfo [name: default]
2025-03-07T17:57:19.697+01:00  INFO 3668 --- [ecommerce-shop] [main] org.hibernate.Version                    : HHH000412: Hibernate ORM core version 6.6.8.Final
2025-03-07T17:57:19.730+01:00  INFO 3668 --- [ecommerce-shop] [main] o.h.c.internal.RegionFactoryInitiator    : HHH000026: Second-level cache disabled
2025-03-07T17:57:19.975+01:00  INFO 3668 --- [ecommerce-shop] [main] o.s.o.j.p.SpringPersistenceUnitInfo      : No LoadTimeWeaver setup: ignoring JPA class transformer
2025-03-07T17:57:20.028+01:00  WARN 3668 --- [ecommerce-shop] [main] org.hibernate.orm.deprecation            : HHH90000025: PostgreSQLDialect does not need to be specified explicitly using 'hibernate.dialect' (remove the property setting and it will be selected by default)
2025-03-07T17:57:20.042+01:00  INFO 3668 --- [ecommerce-shop] [main] org.hibernate.orm.connections.pooling    : HHH10001005: Database info:
	Database JDBC URL [Connecting through datasource 'HikariDataSource (HikariPool-1)']
	Database driver: undefined/unknown
	Database version: 17.4
	Autocommit mode: undefined/unknown
	Isolation level: undefined/unknown
	Minimum pool size: undefined/unknown
	Maximum pool size: undefined/unknown
2025-03-07T17:57:20.311+01:00  INFO 3668 --- [ecommerce-shop] [main] o.h.e.t.j.p.i.JtaPlatformInitiator       : HHH000489: No JTA platform available (set 'hibernate.transaction.jta.platform' to enable JTA platform integration)
2025-03-07T17:57:20.316+01:00  INFO 3668 --- [ecommerce-shop] [main] j.LocalContainerEntityManagerFactoryBean : Initialized JPA EntityManagerFactory for persistence unit 'default'
2025-03-07T17:57:20.350+01:00  WARN 3668 --- [ecommerce-shop] [main] JpaBaseConfiguration$JpaWebConfiguration : spring.jpa.open-in-view is enabled by default. Therefore, database queries may be performed during view rendering. Explicitly configure spring.jpa.open-in-view to disable this warning
2025-03-07T17:57:20.443+01:00 DEBUG 3668 --- [ecommerce-shop] [main] s.w.s.m.m.a.RequestMappingHandlerMapping : 2 mappings in 'requestMappingHandlerMapping'
2025-03-07T17:57:20.514+01:00 DEBUG 3668 --- [ecommerce-shop] [main] o.s.w.s.handler.SimpleUrlHandlerMapping  : Patterns [/webjars/**, /**] in 'resourceHandlerMapping'
2025-03-07T17:57:20.546+01:00 DEBUG 3668 --- [ecommerce-shop] [main] s.w.s.m.m.a.RequestMappingHandlerAdapter : ControllerAdvice beans: 0 @ModelAttribute, 0 @InitBinder, 1 RequestBodyAdvice, 1 ResponseBodyAdvice
2025-03-07T17:57:20.587+01:00 DEBUG 3668 --- [ecommerce-shop] [main] .m.m.a.ExceptionHandlerExceptionResolver : ControllerAdvice beans: 0 @ExceptionHandler, 1 ResponseBodyAdvice
2025-03-07T17:57:20.676+01:00  WARN 3668 --- [ecommerce-shop] [main] .s.s.UserDetailsServiceAutoConfiguration : 

Using generated security password: 7046a8bc-6b67-4f33-8f87-45819176d945

This generated password is for development use only. Your security configuration must be updated before running your application in production.

2025-03-07T17:57:20.715+01:00  INFO 3668 --- [ecommerce-shop] [main] r$InitializeUserDetailsManagerConfigurer : Global AuthenticationManager configured with UserDetailsService bean with name inMemoryUserDetailsManager
2025-03-07T17:57:20.850+01:00 DEBUG 3668 --- [ecommerce-shop] [main] o.s.s.web.DefaultSecurityFilterChain     : Will secure any request with filters: DisableEncodeUrlFilter, WebAsyncManagerIntegrationFilter, SecurityContextHolderFilter, HeaderWriterFilter, CsrfFilter, LogoutFilter, UsernamePasswordAuthenticationFilter, DefaultResourcesFilter, DefaultLoginPageGeneratingFilter, DefaultLogoutPageGeneratingFilter, BasicAuthenticationFilter, RequestCacheAwareFilter, SecurityContextHolderAwareRequestFilter, AnonymousAuthenticationFilter, ExceptionTranslationFilter, AuthorizationFilter
2025-03-07T17:57:20.899+01:00  INFO 3668 --- [ecommerce-shop] [main] o.s.b.w.embedded.tomcat.TomcatWebServer  : Tomcat started on port 8080 (http) with context path '/'
2025-03-07T17:57:20.906+01:00  INFO 3668 --- [ecommerce-shop] [main] c.e.plugins.EcommerceShopApplication     : Started EcommerceShopApplication in 3.256 seconds (process running for 3.54)
2025-03-07T17:57:54.596+01:00  INFO 3668 --- [ecommerce-shop] [http-nio-8080-exec-1] o.a.c.c.C.[Tomcat].[localhost].[/]       : Initializing Spring DispatcherServlet 'dispatcherServlet'
2025-03-07T17:57:54.597+01:00  INFO 3668 --- [ecommerce-shop] [http-nio-8080-exec-1] o.s.web.servlet.DispatcherServlet        : Initializing Servlet 'dispatcherServlet'
2025-03-07T17:57:54.597+01:00 DEBUG 3668 --- [ecommerce-shop] [http-nio-8080-exec-1] o.s.web.servlet.DispatcherServlet        : Detected StandardServletMultipartResolver
2025-03-07T17:57:54.597+01:00 DEBUG 3668 --- [ecommerce-shop] [http-nio-8080-exec-1] o.s.web.servlet.DispatcherServlet        : Detected AcceptHeaderLocaleResolver
2025-03-07T17:57:54.598+01:00 DEBUG 3668 --- [ecommerce-shop] [http-nio-8080-exec-1] o.s.web.servlet.DispatcherServlet        : Detected FixedThemeResolver
2025-03-07T17:57:54.599+01:00 DEBUG 3668 --- [ecommerce-shop] [http-nio-8080-exec-1] o.s.web.servlet.DispatcherServlet        : Detected org.springframework.web.servlet.view.DefaultRequestToViewNameTranslator@4f552aa2
2025-03-07T17:57:54.600+01:00 DEBUG 3668 --- [ecommerce-shop] [http-nio-8080-exec-1] o.s.web.servlet.DispatcherServlet        : Detected org.springframework.web.servlet.support.SessionFlashMapManager@79617c3d
2025-03-07T17:57:54.600+01:00 DEBUG 3668 --- [ecommerce-shop] [http-nio-8080-exec-1] o.s.web.servlet.DispatcherServlet        : enableLoggingRequestDetails='false': request parameters and headers will be masked to prevent unsafe logging of potentially sensitive data
2025-03-07T17:57:54.600+01:00  INFO 3668 --- [ecommerce-shop] [http-nio-8080-exec-1] o.s.web.servlet.DispatcherServlet        : Completed initialization in 3 ms
2025-03-07T17:57:54.620+01:00 DEBUG 3668 --- [ecommerce-shop] [http-nio-8080-exec-2] o.s.security.web.FilterChainProxy        : Securing GET /products
2025-03-07T17:57:54.620+01:00 DEBUG 3668 --- [ecommerce-shop] [http-nio-8080-exec-1] o.s.security.web.FilterChainProxy        : Securing GET /categories
2025-03-07T17:57:54.631+01:00 DEBUG 3668 --- [ecommerce-shop] [http-nio-8080-exec-1] o.s.s.w.a.AnonymousAuthenticationFilter  : Set SecurityContextHolder to anonymous SecurityContext
2025-03-07T17:57:54.631+01:00 DEBUG 3668 --- [ecommerce-shop] [http-nio-8080-exec-2] o.s.s.w.a.AnonymousAuthenticationFilter  : Set SecurityContextHolder to anonymous SecurityContext
2025-03-07T17:57:54.634+01:00 DEBUG 3668 --- [ecommerce-shop] [http-nio-8080-exec-2] s.w.a.DelegatingAuthenticationEntryPoint : Trying to match using And [Not [RequestHeaderRequestMatcher [expectedHeaderName=X-Requested-With, expectedHeaderValue=XMLHttpRequest]], MediaTypeRequestMatcher [contentNegotiationStrategy=org.springframework.web.accept.ContentNegotiationManager@7227926b, matchingMediaTypes=[application/xhtml+xml, image/*, text/html, text/plain], useEquals=false, ignoredMediaTypes=[*/*]]]
2025-03-07T17:57:54.634+01:00 DEBUG 3668 --- [ecommerce-shop] [http-nio-8080-exec-1] s.w.a.DelegatingAuthenticationEntryPoint : Trying to match using And [Not [RequestHeaderRequestMatcher [expectedHeaderName=X-Requested-With, expectedHeaderValue=XMLHttpRequest]], MediaTypeRequestMatcher [contentNegotiationStrategy=org.springframework.web.accept.ContentNegotiationManager@7227926b, matchingMediaTypes=[application/xhtml+xml, image/*, text/html, text/plain], useEquals=false, ignoredMediaTypes=[*/*]]]
2025-03-07T17:57:54.635+01:00 DEBUG 3668 --- [ecommerce-shop] [http-nio-8080-exec-2] s.w.a.DelegatingAuthenticationEntryPoint : Match found! Executing org.springframework.security.web.authentication.LoginUrlAuthenticationEntryPoint@6e90cec8
2025-03-07T17:57:54.635+01:00 DEBUG 3668 --- [ecommerce-shop] [http-nio-8080-exec-1] s.w.a.DelegatingAuthenticationEntryPoint : Match found! Executing org.springframework.security.web.authentication.LoginUrlAuthenticationEntryPoint@6e90cec8
2025-03-07T17:57:54.637+01:00 DEBUG 3668 --- [ecommerce-shop] [http-nio-8080-exec-1] o.s.s.web.DefaultRedirectStrategy        : Redirecting to http://localhost:8080/login
2025-03-07T17:57:54.637+01:00 DEBUG 3668 --- [ecommerce-shop] [http-nio-8080-exec-2] o.s.s.web.DefaultRedirectStrategy        : Redirecting to http://localhost:8080/login
2025-03-07T17:57:54.645+01:00 DEBUG 3668 --- [ecommerce-shop] [http-nio-8080-exec-4] o.s.security.web.FilterChainProxy        : Securing GET /login
2025-03-07T17:57:54.645+01:00 DEBUG 3668 --- [ecommerce-shop] [http-nio-8080-exec-3] o.s.security.web.FilterChainProxy        : Securing GET /login
2025-03-07T17:57:54.929+01:00 DEBUG 3668 --- [ecommerce-shop] [http-nio-8080-exec-5] o.s.security.web.FilterChainProxy        : Securing OPTIONS /products
2025-03-07T17:57:54.929+01:00 DEBUG 3668 --- [ecommerce-shop] [http-nio-8080-exec-6] o.s.security.web.FilterChainProxy        : Securing OPTIONS /categories
2025-03-07T17:57:54.931+01:00 DEBUG 3668 --- [ecommerce-shop] [http-nio-8080-exec-5] o.s.s.w.a.AnonymousAuthenticationFilter  : Set SecurityContextHolder to anonymous SecurityContext
2025-03-07T17:57:54.932+01:00 DEBUG 3668 --- [ecommerce-shop] [http-nio-8080-exec-6] o.s.s.w.a.AnonymousAuthenticationFilter  : Set SecurityContextHolder to anonymous SecurityContext
2025-03-07T17:57:54.932+01:00 DEBUG 3668 --- [ecommerce-shop] [http-nio-8080-exec-5] s.w.a.DelegatingAuthenticationEntryPoint : Trying to match using And [Not [RequestHeaderRequestMatcher [expectedHeaderName=X-Requested-With, expectedHeaderValue=XMLHttpRequest]], MediaTypeRequestMatcher [contentNegotiationStrategy=org.springframework.web.accept.ContentNegotiationManager@7227926b, matchingMediaTypes=[application/xhtml+xml, image/*, text/html, text/plain], useEquals=false, ignoredMediaTypes=[*/*]]]
2025-03-07T17:57:54.932+01:00 DEBUG 3668 --- [ecommerce-shop] [http-nio-8080-exec-6] s.w.a.DelegatingAuthenticationEntryPoint : Trying to match using And [Not [RequestHeaderRequestMatcher [expectedHeaderName=X-Requested-With, expectedHeaderValue=XMLHttpRequest]], MediaTypeRequestMatcher [contentNegotiationStrategy=org.springframework.web.accept.ContentNegotiationManager@7227926b, matchingMediaTypes=[application/xhtml+xml, image/*, text/html, text/plain], useEquals=false, ignoredMediaTypes=[*/*]]]
2025-03-07T17:57:54.933+01:00 DEBUG 3668 --- [ecommerce-shop] [http-nio-8080-exec-5] s.w.a.DelegatingAuthenticationEntryPoint : Trying to match using Or [RequestHeaderRequestMatcher [expectedHeaderName=X-Requested-With, expectedHeaderValue=XMLHttpRequest], And [Not [MediaTypeRequestMatcher [contentNegotiationStrategy=org.springframework.web.accept.ContentNegotiationManager@7227926b, matchingMediaTypes=[text/html], useEquals=false, ignoredMediaTypes=[]]], MediaTypeRequestMatcher [contentNegotiationStrategy=org.springframework.web.accept.ContentNegotiationManager@7227926b, matchingMediaTypes=[application/atom+xml, application/x-www-form-urlencoded, application/json, application/octet-stream, application/xml, multipart/form-data, text/xml], useEquals=false, ignoredMediaTypes=[*/*]]], MediaTypeRequestMatcher [contentNegotiationStrategy=org.springframework.web.accept.ContentNegotiationManager@7227926b, matchingMediaTypes=[*/*], useEquals=true, ignoredMediaTypes=[]]]
2025-03-07T17:57:54.933+01:00 DEBUG 3668 --- [ecommerce-shop] [http-nio-8080-exec-6] s.w.a.DelegatingAuthenticationEntryPoint : Trying to match using Or [RequestHeaderRequestMatcher [expectedHeaderName=X-Requested-With, expectedHeaderValue=XMLHttpRequest], And [Not [MediaTypeRequestMatcher [contentNegotiationStrategy=org.springframework.web.accept.ContentNegotiationManager@7227926b, matchingMediaTypes=[text/html], useEquals=false, ignoredMediaTypes=[]]], MediaTypeRequestMatcher [contentNegotiationStrategy=org.springframework.web.accept.ContentNegotiationManager@7227926b, matchingMediaTypes=[application/atom+xml, application/x-www-form-urlencoded, application/json, application/octet-stream, application/xml, multipart/form-data, text/xml], useEquals=false, ignoredMediaTypes=[*/*]]], MediaTypeRequestMatcher [contentNegotiationStrategy=org.springframework.web.accept.ContentNegotiationManager@7227926b, matchingMediaTypes=[*/*], useEquals=true, ignoredMediaTypes=[]]]
2025-03-07T17:57:54.934+01:00 DEBUG 3668 --- [ecommerce-shop] [http-nio-8080-exec-5] s.w.a.DelegatingAuthenticationEntryPoint : Match found! Executing org.springframework.security.web.authentication.DelegatingAuthenticationEntryPoint@46748b04
2025-03-07T17:57:54.934+01:00 DEBUG 3668 --- [ecommerce-shop] [http-nio-8080-exec-6] s.w.a.DelegatingAuthenticationEntryPoint : Match found! Executing org.springframework.security.web.authentication.DelegatingAuthenticationEntryPoint@46748b04
2025-03-07T17:57:54.935+01:00 DEBUG 3668 --- [ecommerce-shop] [http-nio-8080-exec-5] s.w.a.DelegatingAuthenticationEntryPoint : Trying to match using RequestHeaderRequestMatcher [expectedHeaderName=X-Requested-With, expectedHeaderValue=XMLHttpRequest]
2025-03-07T17:57:54.935+01:00 DEBUG 3668 --- [ecommerce-shop] [http-nio-8080-exec-6] s.w.a.DelegatingAuthenticationEntryPoint : Trying to match using RequestHeaderRequestMatcher [expectedHeaderName=X-Requested-With, expectedHeaderValue=XMLHttpRequest]
2025-03-07T17:57:54.935+01:00 DEBUG 3668 --- [ecommerce-shop] [http-nio-8080-exec-5] s.w.a.DelegatingAuthenticationEntryPoint : No match found. Using default entry point org.springframework.security.web.authentication.www.BasicAuthenticationEntryPoint@5211109c
2025-03-07T17:57:54.935+01:00 DEBUG 3668 --- [ecommerce-shop] [http-nio-8080-exec-6] s.w.a.DelegatingAuthenticationEntryPoint : No match found. Using default entry point org.springframework.security.web.authentication.www.BasicAuthenticationEntryPoint@5211109c
2025-03-07T17:57:54.953+01:00 DEBUG 3668 --- [ecommerce-shop] [http-nio-8080-exec-6] o.s.security.web.FilterChainProxy        : Securing OPTIONS /error
2025-03-07T17:57:54.954+01:00 DEBUG 3668 --- [ecommerce-shop] [http-nio-8080-exec-5] o.s.security.web.FilterChainProxy        : Securing OPTIONS /error
2025-03-07T17:57:54.954+01:00 DEBUG 3668 --- [ecommerce-shop] [http-nio-8080-exec-6] o.s.s.w.a.AnonymousAuthenticationFilter  : Set SecurityContextHolder to anonymous SecurityContext
2025-03-07T17:57:54.954+01:00 DEBUG 3668 --- [ecommerce-shop] [http-nio-8080-exec-5] o.s.s.w.a.AnonymousAuthenticationFilter  : Set SecurityContextHolder to anonymous SecurityContext
2025-03-07T17:57:54.955+01:00 DEBUG 3668 --- [ecommerce-shop] [http-nio-8080-exec-6] s.w.a.DelegatingAuthenticationEntryPoint : Trying to match using And [Not [RequestHeaderRequestMatcher [expectedHeaderName=X-Requested-With, expectedHeaderValue=XMLHttpRequest]], MediaTypeRequestMatcher [contentNegotiationStrategy=org.springframework.web.accept.ContentNegotiationManager@7227926b, matchingMediaTypes=[application/xhtml+xml, image/*, text/html, text/plain], useEquals=false, ignoredMediaTypes=[*/*]]]
2025-03-07T17:57:54.955+01:00 DEBUG 3668 --- [ecommerce-shop] [http-nio-8080-exec-5] s.w.a.DelegatingAuthenticationEntryPoint : Trying to match using And [Not [RequestHeaderRequestMatcher [expectedHeaderName=X-Requested-With, expectedHeaderValue=XMLHttpRequest]], MediaTypeRequestMatcher [contentNegotiationStrategy=org.springframework.web.accept.ContentNegotiationManager@7227926b, matchingMediaTypes=[application/xhtml+xml, image/*, text/html, text/plain], useEquals=false, ignoredMediaTypes=[*/*]]]
2025-03-07T17:57:54.955+01:00 DEBUG 3668 --- [ecommerce-shop] [http-nio-8080-exec-6] s.w.a.DelegatingAuthenticationEntryPoint : Trying to match using Or [RequestHeaderRequestMatcher [expectedHeaderName=X-Requested-With, expectedHeaderValue=XMLHttpRequest], And [Not [MediaTypeRequestMatcher [contentNegotiationStrategy=org.springframework.web.accept.ContentNegotiationManager@7227926b, matchingMediaTypes=[text/html], useEquals=false, ignoredMediaTypes=[]]], MediaTypeRequestMatcher [contentNegotiationStrategy=org.springframework.web.accept.ContentNegotiationManager@7227926b, matchingMediaTypes=[application/atom+xml, application/x-www-form-urlencoded, application/json, application/octet-stream, application/xml, multipart/form-data, text/xml], useEquals=false, ignoredMediaTypes=[*/*]]], MediaTypeRequestMatcher [contentNegotiationStrategy=org.springframework.web.accept.ContentNegotiationManager@7227926b, matchingMediaTypes=[*/*], useEquals=true, ignoredMediaTypes=[]]]
2025-03-07T17:57:54.956+01:00 DEBUG 3668 --- [ecommerce-shop] [http-nio-8080-exec-5] s.w.a.DelegatingAuthenticationEntryPoint : Trying to match using Or [RequestHeaderRequestMatcher [expectedHeaderName=X-Requested-With, expectedHeaderValue=XMLHttpRequest], And [Not [MediaTypeRequestMatcher [contentNegotiationStrategy=org.springframework.web.accept.ContentNegotiationManager@7227926b, matchingMediaTypes=[text/html], useEquals=false, ignoredMediaTypes=[]]], MediaTypeRequestMatcher [contentNegotiationStrategy=org.springframework.web.accept.ContentNegotiationManager@7227926b, matchingMediaTypes=[application/atom+xml, application/x-www-form-urlencoded, application/json, application/octet-stream, application/xml, multipart/form-data, text/xml], useEquals=false, ignoredMediaTypes=[*/*]]], MediaTypeRequestMatcher [contentNegotiationStrategy=org.springframework.web.accept.ContentNegotiationManager@7227926b, matchingMediaTypes=[*/*], useEquals=true, ignoredMediaTypes=[]]]
2025-03-07T17:57:54.956+01:00 DEBUG 3668 --- [ecommerce-shop] [http-nio-8080-exec-6] s.w.a.DelegatingAuthenticationEntryPoint : Match found! Executing org.springframework.security.web.authentication.DelegatingAuthenticationEntryPoint@46748b04
2025-03-07T17:57:54.957+01:00 DEBUG 3668 --- [ecommerce-shop] [http-nio-8080-exec-5] s.w.a.DelegatingAuthenticationEntryPoint : Match found! Executing org.springframework.security.web.authentication.DelegatingAuthenticationEntryPoint@46748b04
2025-03-07T17:57:54.957+01:00 DEBUG 3668 --- [ecommerce-shop] [http-nio-8080-exec-6] s.w.a.DelegatingAuthenticationEntryPoint : Trying to match using RequestHeaderRequestMatcher [expectedHeaderName=X-Requested-With, expectedHeaderValue=XMLHttpRequest]
2025-03-07T17:57:54.957+01:00 DEBUG 3668 --- [ecommerce-shop] [http-nio-8080-exec-5] s.w.a.DelegatingAuthenticationEntryPoint : Trying to match using RequestHeaderRequestMatcher [expectedHeaderName=X-Requested-With, expectedHeaderValue=XMLHttpRequest]
2025-03-07T17:57:54.958+01:00 DEBUG 3668 --- [ecommerce-shop] [http-nio-8080-exec-6] s.w.a.DelegatingAuthenticationEntryPoint : No match found. Using default entry point org.springframework.security.web.authentication.www.BasicAuthenticationEntryPoint@5211109c
2025-03-07T17:57:54.958+01:00 DEBUG 3668 --- [ecommerce-shop] [http-nio-8080-exec-5] s.w.a.DelegatingAuthenticationEntryPoint : No match found. Using default entry point org.springframework.security.web.authentication.www.BasicAuthenticationEntryPoint@5211109c
2025-03-07T17:57:57.124+01:00 DEBUG 3668 --- [ecommerce-shop] [http-nio-8080-exec-8] o.s.security.web.FilterChainProxy        : Securing GET /categories
2025-03-07T17:57:57.124+01:00 DEBUG 3668 --- [ecommerce-shop] [http-nio-8080-exec-7] o.s.security.web.FilterChainProxy        : Securing GET /products
2025-03-07T17:57:57.125+01:00 DEBUG 3668 --- [ecommerce-shop] [http-nio-8080-exec-7] o.s.s.w.a.AnonymousAuthenticationFilter  : Set SecurityContextHolder to anonymous SecurityContext
2025-03-07T17:57:57.125+01:00 DEBUG 3668 --- [ecommerce-shop] [http-nio-8080-exec-8] o.s.s.w.a.AnonymousAuthenticationFilter  : Set SecurityContextHolder to anonymous SecurityContext
2025-03-07T17:57:57.125+01:00 DEBUG 3668 --- [ecommerce-shop] [http-nio-8080-exec-7] s.w.a.DelegatingAuthenticationEntryPoint : Trying to match using And [Not [RequestHeaderRequestMatcher [expectedHeaderName=X-Requested-With, expectedHeaderValue=XMLHttpRequest]], MediaTypeRequestMatcher [contentNegotiationStrategy=org.springframework.web.accept.ContentNegotiationManager@7227926b, matchingMediaTypes=[application/xhtml+xml, image/*, text/html, text/plain], useEquals=false, ignoredMediaTypes=[*/*]]]
2025-03-07T17:57:57.125+01:00 DEBUG 3668 --- [ecommerce-shop] [http-nio-8080-exec-8] s.w.a.DelegatingAuthenticationEntryPoint : Trying to match using And [Not [RequestHeaderRequestMatcher [expectedHeaderName=X-Requested-With, expectedHeaderValue=XMLHttpRequest]], MediaTypeRequestMatcher [contentNegotiationStrategy=org.springframework.web.accept.ContentNegotiationManager@7227926b, matchingMediaTypes=[application/xhtml+xml, image/*, text/html, text/plain], useEquals=false, ignoredMediaTypes=[*/*]]]
2025-03-07T17:57:57.126+01:00 DEBUG 3668 --- [ecommerce-shop] [http-nio-8080-exec-7] s.w.a.DelegatingAuthenticationEntryPoint : Match found! Executing org.springframework.security.web.authentication.LoginUrlAuthenticationEntryPoint@6e90cec8
2025-03-07T17:57:57.126+01:00 DEBUG 3668 --- [ecommerce-shop] [http-nio-8080-exec-8] s.w.a.DelegatingAuthenticationEntryPoint : Match found! Executing org.springframework.security.web.authentication.LoginUrlAuthenticationEntryPoint@6e90cec8
2025-03-07T17:57:57.126+01:00 DEBUG 3668 --- [ecommerce-shop] [http-nio-8080-exec-7] o.s.s.web.DefaultRedirectStrategy        : Redirecting to http://localhost:8080/login
2025-03-07T17:57:57.126+01:00 DEBUG 3668 --- [ecommerce-shop] [http-nio-8080-exec-8] o.s.s.web.DefaultRedirectStrategy        : Redirecting to http://localhost:8080/login
2025-03-07T17:57:57.130+01:00 DEBUG 3668 --- [ecommerce-shop] [http-nio-8080-exec-9] o.s.security.web.FilterChainProxy        : Securing GET /login
2025-03-07T17:57:57.130+01:00 DEBUG 3668 --- [ecommerce-shop] [http-nio-8080-exec-10] o.s.security.web.FilterChainProxy        : Securing GET /login
2025-03-07T17:57:57.316+01:00 DEBUG 3668 --- [ecommerce-shop] [http-nio-8080-exec-2] o.s.security.web.FilterChainProxy        : Securing OPTIONS /products
2025-03-07T17:57:57.317+01:00 DEBUG 3668 --- [ecommerce-shop] [http-nio-8080-exec-2] o.s.s.w.a.AnonymousAuthenticationFilter  : Set SecurityContextHolder to anonymous SecurityContext
2025-03-07T17:57:57.317+01:00 DEBUG 3668 --- [ecommerce-shop] [http-nio-8080-exec-2] s.w.a.DelegatingAuthenticationEntryPoint : Trying to match using And [Not [RequestHeaderRequestMatcher [expectedHeaderName=X-Requested-With, expectedHeaderValue=XMLHttpRequest]], MediaTypeRequestMatcher [contentNegotiationStrategy=org.springframework.web.accept.ContentNegotiationManager@7227926b, matchingMediaTypes=[application/xhtml+xml, image/*, text/html, text/plain], useEquals=false, ignoredMediaTypes=[*/*]]]
2025-03-07T17:57:57.318+01:00 DEBUG 3668 --- [ecommerce-shop] [http-nio-8080-exec-2] s.w.a.DelegatingAuthenticationEntryPoint : Trying to match using Or [RequestHeaderRequestMatcher [expectedHeaderName=X-Requested-With, expectedHeaderValue=XMLHttpRequest], And [Not [MediaTypeRequestMatcher [contentNegotiationStrategy=org.springframework.web.accept.ContentNegotiationManager@7227926b, matchingMediaTypes=[text/html], useEquals=false, ignoredMediaTypes=[]]], MediaTypeRequestMatcher [contentNegotiationStrategy=org.springframework.web.accept.ContentNegotiationManager@7227926b, matchingMediaTypes=[application/atom+xml, application/x-www-form-urlencoded, application/json, application/octet-stream, application/xml, multipart/form-data, text/xml], useEquals=false, ignoredMediaTypes=[*/*]]], MediaTypeRequestMatcher [contentNegotiationStrategy=org.springframework.web.accept.ContentNegotiationManager@7227926b, matchingMediaTypes=[*/*], useEquals=true, ignoredMediaTypes=[]]]
2025-03-07T17:57:57.319+01:00 DEBUG 3668 --- [ecommerce-shop] [http-nio-8080-exec-2] s.w.a.DelegatingAuthenticationEntryPoint : Match found! Executing org.springframework.security.web.authentication.DelegatingAuthenticationEntryPoint@46748b04
2025-03-07T17:57:57.319+01:00 DEBUG 3668 --- [ecommerce-shop] [http-nio-8080-exec-2] s.w.a.DelegatingAuthenticationEntryPoint : Trying to match using RequestHeaderRequestMatcher [expectedHeaderName=X-Requested-With, expectedHeaderValue=XMLHttpRequest]
2025-03-07T17:57:57.319+01:00 DEBUG 3668 --- [ecommerce-shop] [http-nio-8080-exec-2] s.w.a.DelegatingAuthenticationEntryPoint : No match found. Using default entry point org.springframework.security.web.authentication.www.BasicAuthenticationEntryPoint@5211109c
2025-03-07T17:57:57.320+01:00 DEBUG 3668 --- [ecommerce-shop] [http-nio-8080-exec-2] o.s.security.web.FilterChainProxy        : Securing OPTIONS /error
2025-03-07T17:57:57.321+01:00 DEBUG 3668 --- [ecommerce-shop] [http-nio-8080-exec-2] o.s.s.w.a.AnonymousAuthenticationFilter  : Set SecurityContextHolder to anonymous SecurityContext
2025-03-07T17:57:57.321+01:00 DEBUG 3668 --- [ecommerce-shop] [http-nio-8080-exec-2] s.w.a.DelegatingAuthenticationEntryPoint : Trying to match using And [Not [RequestHeaderRequestMatcher [expectedHeaderName=X-Requested-With, expectedHeaderValue=XMLHttpRequest]], MediaTypeRequestMatcher [contentNegotiationStrategy=org.springframework.web.accept.ContentNegotiationManager@7227926b, matchingMediaTypes=[application/xhtml+xml, image/*, text/html, text/plain], useEquals=false, ignoredMediaTypes=[*/*]]]
2025-03-07T17:57:57.321+01:00 DEBUG 3668 --- [ecommerce-shop] [http-nio-8080-exec-1] o.s.security.web.FilterChainProxy        : Securing OPTIONS /categories
2025-03-07T17:57:57.322+01:00 DEBUG 3668 --- [ecommerce-shop] [http-nio-8080-exec-2] s.w.a.DelegatingAuthenticationEntryPoint : Trying to match using Or [RequestHeaderRequestMatcher [expectedHeaderName=X-Requested-With, expectedHeaderValue=XMLHttpRequest], And [Not [MediaTypeRequestMatcher [contentNegotiationStrategy=org.springframework.web.accept.ContentNegotiationManager@7227926b, matchingMediaTypes=[text/html], useEquals=false, ignoredMediaTypes=[]]], MediaTypeRequestMatcher [contentNegotiationStrategy=org.springframework.web.accept.ContentNegotiationManager@7227926b, matchingMediaTypes=[application/atom+xml, application/x-www-form-urlencoded, application/json, application/octet-stream, application/xml, multipart/form-data, text/xml], useEquals=false, ignoredMediaTypes=[*/*]]], MediaTypeRequestMatcher [contentNegotiationStrategy=org.springframework.web.accept.ContentNegotiationManager@7227926b, matchingMediaTypes=[*/*], useEquals=true, ignoredMediaTypes=[]]]
2025-03-07T17:57:57.322+01:00 DEBUG 3668 --- [ecommerce-shop] [http-nio-8080-exec-1] o.s.s.w.a.AnonymousAuthenticationFilter  : Set SecurityContextHolder to anonymous SecurityContext
2025-03-07T17:57:57.322+01:00 DEBUG 3668 --- [ecommerce-shop] [http-nio-8080-exec-2] s.w.a.DelegatingAuthenticationEntryPoint : Match found! Executing org.springframework.security.web.authentication.DelegatingAuthenticationEntryPoint@46748b04
2025-03-07T17:57:57.323+01:00 DEBUG 3668 --- [ecommerce-shop] [http-nio-8080-exec-1] s.w.a.DelegatingAuthenticationEntryPoint : Trying to match using And [Not [RequestHeaderRequestMatcher [expectedHeaderName=X-Requested-With, expectedHeaderValue=XMLHttpRequest]], MediaTypeRequestMatcher [contentNegotiationStrategy=org.springframework.web.accept.ContentNegotiationManager@7227926b, matchingMediaTypes=[application/xhtml+xml, image/*, text/html, text/plain], useEquals=false, ignoredMediaTypes=[*/*]]]
2025-03-07T17:57:57.323+01:00 DEBUG 3668 --- [ecommerce-shop] [http-nio-8080-exec-2] s.w.a.DelegatingAuthenticationEntryPoint : Trying to match using RequestHeaderRequestMatcher [expectedHeaderName=X-Requested-With, expectedHeaderValue=XMLHttpRequest]
2025-03-07T17:57:57.323+01:00 DEBUG 3668 --- [ecommerce-shop] [http-nio-8080-exec-1] s.w.a.DelegatingAuthenticationEntryPoint : Trying to match using Or [RequestHeaderRequestMatcher [expectedHeaderName=X-Requested-With, expectedHeaderValue=XMLHttpRequest], And [Not [MediaTypeRequestMatcher [contentNegotiationStrategy=org.springframework.web.accept.ContentNegotiationManager@7227926b, matchingMediaTypes=[text/html], useEquals=false, ignoredMediaTypes=[]]], MediaTypeRequestMatcher [contentNegotiationStrategy=org.springframework.web.accept.ContentNegotiationManager@7227926b, matchingMediaTypes=[application/atom+xml, application/x-www-form-urlencoded, application/json, application/octet-stream, application/xml, multipart/form-data, text/xml], useEquals=false, ignoredMediaTypes=[*/*]]], MediaTypeRequestMatcher [contentNegotiationStrategy=org.springframework.web.accept.ContentNegotiationManager@7227926b, matchingMediaTypes=[*/*], useEquals=true, ignoredMediaTypes=[]]]
2025-03-07T17:57:57.323+01:00 DEBUG 3668 --- [ecommerce-shop] [http-nio-8080-exec-2] s.w.a.DelegatingAuthenticationEntryPoint : No match found. Using default entry point org.springframework.security.web.authentication.www.BasicAuthenticationEntryPoint@5211109c
2025-03-07T17:57:57.324+01:00 DEBUG 3668 --- [ecommerce-shop] [http-nio-8080-exec-1] s.w.a.DelegatingAuthenticationEntryPoint : Match found! Executing org.springframework.security.web.authentication.DelegatingAuthenticationEntryPoint@46748b04
2025-03-07T17:57:57.325+01:00 DEBUG 3668 --- [ecommerce-shop] [http-nio-8080-exec-1] s.w.a.DelegatingAuthenticationEntryPoint : Trying to match using RequestHeaderRequestMatcher [expectedHeaderName=X-Requested-With, expectedHeaderValue=XMLHttpRequest]
2025-03-07T17:57:57.325+01:00 DEBUG 3668 --- [ecommerce-shop] [http-nio-8080-exec-1] s.w.a.DelegatingAuthenticationEntryPoint : No match found. Using default entry point org.springframework.security.web.authentication.www.BasicAuthenticationEntryPoint@5211109c
2025-03-07T17:57:57.326+01:00 DEBUG 3668 --- [ecommerce-shop] [http-nio-8080-exec-1] o.s.security.web.FilterChainProxy        : Securing OPTIONS /error
2025-03-07T17:57:57.326+01:00 DEBUG 3668 --- [ecommerce-shop] [http-nio-8080-exec-1] o.s.s.w.a.AnonymousAuthenticationFilter  : Set SecurityContextHolder to anonymous SecurityContext
2025-03-07T17:57:57.327+01:00 DEBUG 3668 --- [ecommerce-shop] [http-nio-8080-exec-1] s.w.a.DelegatingAuthenticationEntryPoint : Trying to match using And [Not [RequestHeaderRequestMatcher [expectedHeaderName=X-Requested-With, expectedHeaderValue=XMLHttpRequest]], MediaTypeRequestMatcher [contentNegotiationStrategy=org.springframework.web.accept.ContentNegotiationManager@7227926b, matchingMediaTypes=[application/xhtml+xml, image/*, text/html, text/plain], useEquals=false, ignoredMediaTypes=[*/*]]]
2025-03-07T17:57:57.328+01:00 DEBUG 3668 --- [ecommerce-shop] [http-nio-8080-exec-1] s.w.a.DelegatingAuthenticationEntryPoint : Trying to match using Or [RequestHeaderRequestMatcher [expectedHeaderName=X-Requested-With, expectedHeaderValue=XMLHttpRequest], And [Not [MediaTypeRequestMatcher [contentNegotiationStrategy=org.springframework.web.accept.ContentNegotiationManager@7227926b, matchingMediaTypes=[text/html], useEquals=false, ignoredMediaTypes=[]]], MediaTypeRequestMatcher [contentNegotiationStrategy=org.springframework.web.accept.ContentNegotiationManager@7227926b, matchingMediaTypes=[application/atom+xml, application/x-www-form-urlencoded, application/json, application/octet-stream, application/xml, multipart/form-data, text/xml], useEquals=false, ignoredMediaTypes=[*/*]]], MediaTypeRequestMatcher [contentNegotiationStrategy=org.springframework.web.accept.ContentNegotiationManager@7227926b, matchingMediaTypes=[*/*], useEquals=true, ignoredMediaTypes=[]]]
2025-03-07T17:57:57.329+01:00 DEBUG 3668 --- [ecommerce-shop] [http-nio-8080-exec-1] s.w.a.DelegatingAuthenticationEntryPoint : Match found! Executing org.springframework.security.web.authentication.DelegatingAuthenticationEntryPoint@46748b04
2025-03-07T17:57:57.329+01:00 DEBUG 3668 --- [ecommerce-shop] [http-nio-8080-exec-1] s.w.a.DelegatingAuthenticationEntryPoint : Trying to match using RequestHeaderRequestMatcher [expectedHeaderName=X-Requested-With, expectedHeaderValue=XMLHttpRequest]
2025-03-07T17:57:57.329+01:00 DEBUG 3668 --- [ecommerce-shop] [http-nio-8080-exec-1] s.w.a.DelegatingAuthenticationEntryPoint : No match found. Using default entry point org.springframework.security.web.authentication.www.BasicAuthenticationEntryPoint@5211109c
2025-03-07T17:58:08.761+01:00 DEBUG 3668 --- [ecommerce-shop] [http-nio-8080-exec-5] o.s.security.web.FilterChainProxy        : Securing OPTIONS /auth/register
2025-03-07T17:58:08.762+01:00 DEBUG 3668 --- [ecommerce-shop] [http-nio-8080-exec-5] o.s.s.w.a.AnonymousAuthenticationFilter  : Set SecurityContextHolder to anonymous SecurityContext
2025-03-07T17:58:08.762+01:00 DEBUG 3668 --- [ecommerce-shop] [http-nio-8080-exec-5] s.w.a.DelegatingAuthenticationEntryPoint : Trying to match using And [Not [RequestHeaderRequestMatcher [expectedHeaderName=X-Requested-With, expectedHeaderValue=XMLHttpRequest]], MediaTypeRequestMatcher [contentNegotiationStrategy=org.springframework.web.accept.ContentNegotiationManager@7227926b, matchingMediaTypes=[application/xhtml+xml, image/*, text/html, text/plain], useEquals=false, ignoredMediaTypes=[*/*]]]
2025-03-07T17:58:08.763+01:00 DEBUG 3668 --- [ecommerce-shop] [http-nio-8080-exec-5] s.w.a.DelegatingAuthenticationEntryPoint : Trying to match using Or [RequestHeaderRequestMatcher [expectedHeaderName=X-Requested-With, expectedHeaderValue=XMLHttpRequest], And [Not [MediaTypeRequestMatcher [contentNegotiationStrategy=org.springframework.web.accept.ContentNegotiationManager@7227926b, matchingMediaTypes=[text/html], useEquals=false, ignoredMediaTypes=[]]], MediaTypeRequestMatcher [contentNegotiationStrategy=org.springframework.web.accept.ContentNegotiationManager@7227926b, matchingMediaTypes=[application/atom+xml, application/x-www-form-urlencoded, application/json, application/octet-stream, application/xml, multipart/form-data, text/xml], useEquals=false, ignoredMediaTypes=[*/*]]], MediaTypeRequestMatcher [contentNegotiationStrategy=org.springframework.web.accept.ContentNegotiationManager@7227926b, matchingMediaTypes=[*/*], useEquals=true, ignoredMediaTypes=[]]]
2025-03-07T17:58:08.764+01:00 DEBUG 3668 --- [ecommerce-shop] [http-nio-8080-exec-5] s.w.a.DelegatingAuthenticationEntryPoint : Match found! Executing org.springframework.security.web.authentication.DelegatingAuthenticationEntryPoint@46748b04
2025-03-07T17:58:08.764+01:00 DEBUG 3668 --- [ecommerce-shop] [http-nio-8080-exec-5] s.w.a.DelegatingAuthenticationEntryPoint : Trying to match using RequestHeaderRequestMatcher [expectedHeaderName=X-Requested-With, expectedHeaderValue=XMLHttpRequest]
2025-03-07T17:58:08.764+01:00 DEBUG 3668 --- [ecommerce-shop] [http-nio-8080-exec-5] s.w.a.DelegatingAuthenticationEntryPoint : No match found. Using default entry point org.springframework.security.web.authentication.www.BasicAuthenticationEntryPoint@5211109c
2025-03-07T17:58:08.765+01:00 DEBUG 3668 --- [ecommerce-shop] [http-nio-8080-exec-5] o.s.security.web.FilterChainProxy        : Securing OPTIONS /error
2025-03-07T17:58:08.765+01:00 DEBUG 3668 --- [ecommerce-shop] [http-nio-8080-exec-5] o.s.s.w.a.AnonymousAuthenticationFilter  : Set SecurityContextHolder to anonymous SecurityContext
2025-03-07T17:58:08.766+01:00 DEBUG 3668 --- [ecommerce-shop] [http-nio-8080-exec-5] s.w.a.DelegatingAuthenticationEntryPoint : Trying to match using And [Not [RequestHeaderRequestMatcher [expectedHeaderName=X-Requested-With, expectedHeaderValue=XMLHttpRequest]], MediaTypeRequestMatcher [contentNegotiationStrategy=org.springframework.web.accept.ContentNegotiationManager@7227926b, matchingMediaTypes=[application/xhtml+xml, image/*, text/html, text/plain], useEquals=false, ignoredMediaTypes=[*/*]]]
2025-03-07T17:58:08.766+01:00 DEBUG 3668 --- [ecommerce-shop] [http-nio-8080-exec-5] s.w.a.DelegatingAuthenticationEntryPoint : Trying to match using Or [RequestHeaderRequestMatcher [expectedHeaderName=X-Requested-With, expectedHeaderValue=XMLHttpRequest], And [Not [MediaTypeRequestMatcher [contentNegotiationStrategy=org.springframework.web.accept.ContentNegotiationManager@7227926b, matchingMediaTypes=[text/html], useEquals=false, ignoredMediaTypes=[]]], MediaTypeRequestMatcher [contentNegotiationStrategy=org.springframework.web.accept.ContentNegotiationManager@7227926b, matchingMediaTypes=[application/atom+xml, application/x-www-form-urlencoded, application/json, application/octet-stream, application/xml, multipart/form-data, text/xml], useEquals=false, ignoredMediaTypes=[*/*]]], MediaTypeRequestMatcher [contentNegotiationStrategy=org.springframework.web.accept.ContentNegotiationManager@7227926b, matchingMediaTypes=[*/*], useEquals=true, ignoredMediaTypes=[]]]
2025-03-07T17:58:08.767+01:00 DEBUG 3668 --- [ecommerce-shop] [http-nio-8080-exec-5] s.w.a.DelegatingAuthenticationEntryPoint : Match found! Executing org.springframework.security.web.authentication.DelegatingAuthenticationEntryPoint@46748b04
2025-03-07T17:58:08.767+01:00 DEBUG 3668 --- [ecommerce-shop] [http-nio-8080-exec-5] s.w.a.DelegatingAuthenticationEntryPoint : Trying to match using RequestHeaderRequestMatcher [expectedHeaderName=X-Requested-With, expectedHeaderValue=XMLHttpRequest]
2025-03-07T17:58:08.767+01:00 DEBUG 3668 --- [ecommerce-shop] [http-nio-8080-exec-5] s.w.a.DelegatingAuthenticationEntryPoint : No match found. Using default entry point org.springframework.security.web.authentication.www.BasicAuthenticationEntryPoint@5211109c
2025-03-07T17:58:14.936+01:00 DEBUG 3668 --- [ecommerce-shop] [http-nio-8080-exec-6] o.s.security.web.FilterChainProxy        : Securing OPTIONS /auth/register
2025-03-07T17:58:14.937+01:00 DEBUG 3668 --- [ecommerce-shop] [http-nio-8080-exec-6] o.s.s.w.a.AnonymousAuthenticationFilter  : Set SecurityContextHolder to anonymous SecurityContext
2025-03-07T17:58:14.937+01:00 DEBUG 3668 --- [ecommerce-shop] [http-nio-8080-exec-6] s.w.a.DelegatingAuthenticationEntryPoint : Trying to match using And [Not [RequestHeaderRequestMatcher [expectedHeaderName=X-Requested-With, expectedHeaderValue=XMLHttpRequest]], MediaTypeRequestMatcher [contentNegotiationStrategy=org.springframework.web.accept.ContentNegotiationManager@7227926b, matchingMediaTypes=[application/xhtml+xml, image/*, text/html, text/plain], useEquals=false, ignoredMediaTypes=[*/*]]]
2025-03-07T17:58:14.938+01:00 DEBUG 3668 --- [ecommerce-shop] [http-nio-8080-exec-6] s.w.a.DelegatingAuthenticationEntryPoint : Trying to match using Or [RequestHeaderRequestMatcher [expectedHeaderName=X-Requested-With, expectedHeaderValue=XMLHttpRequest], And [Not [MediaTypeRequestMatcher [contentNegotiationStrategy=org.springframework.web.accept.ContentNegotiationManager@7227926b, matchingMediaTypes=[text/html], useEquals=false, ignoredMediaTypes=[]]], MediaTypeRequestMatcher [contentNegotiationStrategy=org.springframework.web.accept.ContentNegotiationManager@7227926b, matchingMediaTypes=[application/atom+xml, application/x-www-form-urlencoded, application/json, application/octet-stream, application/xml, multipart/form-data, text/xml], useEquals=false, ignoredMediaTypes=[*/*]]], MediaTypeRequestMatcher [contentNegotiationStrategy=org.springframework.web.accept.ContentNegotiationManager@7227926b, matchingMediaTypes=[*/*], useEquals=true, ignoredMediaTypes=[]]]
2025-03-07T17:58:14.939+01:00 DEBUG 3668 --- [ecommerce-shop] [http-nio-8080-exec-6] s.w.a.DelegatingAuthenticationEntryPoint : Match found! Executing org.springframework.security.web.authentication.DelegatingAuthenticationEntryPoint@46748b04
2025-03-07T17:58:14.939+01:00 DEBUG 3668 --- [ecommerce-shop] [http-nio-8080-exec-6] s.w.a.DelegatingAuthenticationEntryPoint : Trying to match using RequestHeaderRequestMatcher [expectedHeaderName=X-Requested-With, expectedHeaderValue=XMLHttpRequest]
2025-03-07T17:58:14.939+01:00 DEBUG 3668 --- [ecommerce-shop] [http-nio-8080-exec-6] s.w.a.DelegatingAuthenticationEntryPoint : No match found. Using default entry point org.springframework.security.web.authentication.www.BasicAuthenticationEntryPoint@5211109c
2025-03-07T17:58:14.940+01:00 DEBUG 3668 --- [ecommerce-shop] [http-nio-8080-exec-6] o.s.security.web.FilterChainProxy        : Securing OPTIONS /error
2025-03-07T17:58:14.940+01:00 DEBUG 3668 --- [ecommerce-shop] [http-nio-8080-exec-6] o.s.s.w.a.AnonymousAuthenticationFilter  : Set SecurityContextHolder to anonymous SecurityContext
2025-03-07T17:58:14.941+01:00 DEBUG 3668 --- [ecommerce-shop] [http-nio-8080-exec-6] s.w.a.DelegatingAuthenticationEntryPoint : Trying to match using And [Not [RequestHeaderRequestMatcher [expectedHeaderName=X-Requested-With, expectedHeaderValue=XMLHttpRequest]], MediaTypeRequestMatcher [contentNegotiationStrategy=org.springframework.web.accept.ContentNegotiationManager@7227926b, matchingMediaTypes=[application/xhtml+xml, image/*, text/html, text/plain], useEquals=false, ignoredMediaTypes=[*/*]]]
2025-03-07T17:58:14.941+01:00 DEBUG 3668 --- [ecommerce-shop] [http-nio-8080-exec-6] s.w.a.DelegatingAuthenticationEntryPoint : Trying to match using Or [RequestHeaderRequestMatcher [expectedHeaderName=X-Requested-With, expectedHeaderValue=XMLHttpRequest], And [Not [MediaTypeRequestMatcher [contentNegotiationStrategy=org.springframework.web.accept.ContentNegotiationManager@7227926b, matchingMediaTypes=[text/html], useEquals=false, ignoredMediaTypes=[]]], MediaTypeRequestMatcher [contentNegotiationStrategy=org.springframework.web.accept.ContentNegotiationManager@7227926b, matchingMediaTypes=[application/atom+xml, application/x-www-form-urlencoded, application/json, application/octet-stream, application/xml, multipart/form-data, text/xml], useEquals=false, ignoredMediaTypes=[*/*]]], MediaTypeRequestMatcher [contentNegotiationStrategy=org.springframework.web.accept.ContentNegotiationManager@7227926b, matchingMediaTypes=[*/*], useEquals=true, ignoredMediaTypes=[]]]
2025-03-07T17:58:14.942+01:00 DEBUG 3668 --- [ecommerce-shop] [http-nio-8080-exec-6] s.w.a.DelegatingAuthenticationEntryPoint : Match found! Executing org.springframework.security.web.authentication.DelegatingAuthenticationEntryPoint@46748b04
2025-03-07T17:58:14.942+01:00 DEBUG 3668 --- [ecommerce-shop] [http-nio-8080-exec-6] s.w.a.DelegatingAuthenticationEntryPoint : Trying to match using RequestHeaderRequestMatcher [expectedHeaderName=X-Requested-With, expectedHeaderValue=XMLHttpRequest]
2025-03-07T17:58:14.942+01:00 DEBUG 3668 --- [ecommerce-shop] [http-nio-8080-exec-6] s.w.a.DelegatingAuthenticationEntryPoint : No match found. Using default entry point org.springframework.security.web.authentication.www.BasicAuthenticationEntryPoint@5211109c
2025-03-07T17:58:21.881+01:00 DEBUG 3668 --- [ecommerce-shop] [http-nio-8080-exec-7] o.s.security.web.FilterChainProxy        : Securing OPTIONS /auth/register
2025-03-07T17:58:21.881+01:00 DEBUG 3668 --- [ecommerce-shop] [http-nio-8080-exec-7] o.s.s.w.a.AnonymousAuthenticationFilter  : Set SecurityContextHolder to anonymous SecurityContext
2025-03-07T17:58:21.882+01:00 DEBUG 3668 --- [ecommerce-shop] [http-nio-8080-exec-7] s.w.a.DelegatingAuthenticationEntryPoint : Trying to match using And [Not [RequestHeaderRequestMatcher [expectedHeaderName=X-Requested-With, expectedHeaderValue=XMLHttpRequest]], MediaTypeRequestMatcher [contentNegotiationStrategy=org.springframework.web.accept.ContentNegotiationManager@7227926b, matchingMediaTypes=[application/xhtml+xml, image/*, text/html, text/plain], useEquals=false, ignoredMediaTypes=[*/*]]]
2025-03-07T17:58:21.882+01:00 DEBUG 3668 --- [ecommerce-shop] [http-nio-8080-exec-7] s.w.a.DelegatingAuthenticationEntryPoint : Trying to match using Or [RequestHeaderRequestMatcher [expectedHeaderName=X-Requested-With, expectedHeaderValue=XMLHttpRequest], And [Not [MediaTypeRequestMatcher [contentNegotiationStrategy=org.springframework.web.accept.ContentNegotiationManager@7227926b, matchingMediaTypes=[text/html], useEquals=false, ignoredMediaTypes=[]]], MediaTypeRequestMatcher [contentNegotiationStrategy=org.springframework.web.accept.ContentNegotiationManager@7227926b, matchingMediaTypes=[application/atom+xml, application/x-www-form-urlencoded, application/json, application/octet-stream, application/xml, multipart/form-data, text/xml], useEquals=false, ignoredMediaTypes=[*/*]]], MediaTypeRequestMatcher [contentNegotiationStrategy=org.springframework.web.accept.ContentNegotiationManager@7227926b, matchingMediaTypes=[*/*], useEquals=true, ignoredMediaTypes=[]]]
2025-03-07T17:58:21.883+01:00 DEBUG 3668 --- [ecommerce-shop] [http-nio-8080-exec-7] s.w.a.DelegatingAuthenticationEntryPoint : Match found! Executing org.springframework.security.web.authentication.DelegatingAuthenticationEntryPoint@46748b04
2025-03-07T17:58:21.883+01:00 DEBUG 3668 --- [ecommerce-shop] [http-nio-8080-exec-7] s.w.a.DelegatingAuthenticationEntryPoint : Trying to match using RequestHeaderRequestMatcher [expectedHeaderName=X-Requested-With, expectedHeaderValue=XMLHttpRequest]
2025-03-07T17:58:21.884+01:00 DEBUG 3668 --- [ecommerce-shop] [http-nio-8080-exec-7] s.w.a.DelegatingAuthenticationEntryPoint : No match found. Using default entry point org.springframework.security.web.authentication.www.BasicAuthenticationEntryPoint@5211109c
2025-03-07T17:58:21.885+01:00 DEBUG 3668 --- [ecommerce-shop] [http-nio-8080-exec-7] o.s.security.web.FilterChainProxy        : Securing OPTIONS /error
2025-03-07T17:58:21.885+01:00 DEBUG 3668 --- [ecommerce-shop] [http-nio-8080-exec-7] o.s.s.w.a.AnonymousAuthenticationFilter  : Set SecurityContextHolder to anonymous SecurityContext
2025-03-07T17:58:21.885+01:00 DEBUG 3668 --- [ecommerce-shop] [http-nio-8080-exec-7] s.w.a.DelegatingAuthenticationEntryPoint : Trying to match using And [Not [RequestHeaderRequestMatcher [expectedHeaderName=X-Requested-With, expectedHeaderValue=XMLHttpRequest]], MediaTypeRequestMatcher [contentNegotiationStrategy=org.springframework.web.accept.ContentNegotiationManager@7227926b, matchingMediaTypes=[application/xhtml+xml, image/*, text/html, text/plain], useEquals=false, ignoredMediaTypes=[*/*]]]
2025-03-07T17:58:21.886+01:00 DEBUG 3668 --- [ecommerce-shop] [http-nio-8080-exec-7] s.w.a.DelegatingAuthenticationEntryPoint : Trying to match using Or [RequestHeaderRequestMatcher [expectedHeaderName=X-Requested-With, expectedHeaderValue=XMLHttpRequest], And [Not [MediaTypeRequestMatcher [contentNegotiationStrategy=org.springframework.web.accept.ContentNegotiationManager@7227926b, matchingMediaTypes=[text/html], useEquals=false, ignoredMediaTypes=[]]], MediaTypeRequestMatcher [contentNegotiationStrategy=org.springframework.web.accept.ContentNegotiationManager@7227926b, matchingMediaTypes=[application/atom+xml, application/x-www-form-urlencoded, application/json, application/octet-stream, application/xml, multipart/form-data, text/xml], useEquals=false, ignoredMediaTypes=[*/*]]], MediaTypeRequestMatcher [contentNegotiationStrategy=org.springframework.web.accept.ContentNegotiationManager@7227926b, matchingMediaTypes=[*/*], useEquals=true, ignoredMediaTypes=[]]]
2025-03-07T17:58:21.887+01:00 DEBUG 3668 --- [ecommerce-shop] [http-nio-8080-exec-7] s.w.a.DelegatingAuthenticationEntryPoint : Match found! Executing org.springframework.security.web.authentication.DelegatingAuthenticationEntryPoint@46748b04
2025-03-07T17:58:21.887+01:00 DEBUG 3668 --- [ecommerce-shop] [http-nio-8080-exec-7] s.w.a.DelegatingAuthenticationEntryPoint : Trying to match using RequestHeaderRequestMatcher [expectedHeaderName=X-Requested-With, expectedHeaderValue=XMLHttpRequest]
2025-03-07T17:58:21.887+01:00 DEBUG 3668 --- [ecommerce-shop] [http-nio-8080-exec-7] s.w.a.DelegatingAuthenticationEntryPoint : No match found. Using default entry point org.springframework.security.web.authentication.www.BasicAuthenticationEntryPoint@5211109c
2025-03-07T18:19:28.029+01:00  INFO 3668 --- [ecommerce-shop] [SpringApplicationShutdownHook] o.s.b.w.e.tomcat.GracefulShutdown        : Commencing graceful shutdown. Waiting for active requests to complete
2025-03-07T18:19:28.065+01:00  INFO 3668 --- [ecommerce-shop] [tomcat-shutdown] o.s.b.w.e.tomcat.GracefulShutdown        : Graceful shutdown complete
2025-03-07T18:19:28.068+01:00  INFO 3668 --- [ecommerce-shop] [SpringApplicationShutdownHook] j.LocalContainerEntityManagerFactoryBean : Closing JPA EntityManagerFactory for persistence unit 'default'
2025-03-07T18:19:28.071+01:00  INFO 3668 --- [ecommerce-shop] [SpringApplicationShutdownHook] com.zaxxer.hikari.HikariDataSource       : HikariPool-1 - Shutdown initiated...
2025-03-07T18:19:28.073+01:00  INFO 3668 --- [ecommerce-shop] [SpringApplicationShutdownHook] com.zaxxer.hikari.HikariDataSource       : HikariPool-1 - Shutdown completed.
2025-03-07T18:35:45.714+01:00  INFO 15836 --- [ecommerce-shop] [main] c.e.plugins.EcommerceShopApplication     : Starting EcommerceShopApplication using Java 18.0.2.1 with PID 15836 (C:\Users\Luca\Desktop\dev\PE-E-Commerce-Shop\backend\ecommerce-shop\0-plugins\target\classes started by Luca in C:\Users\Luca\Desktop\dev\PE-E-Commerce-Shop)
2025-03-07T18:35:45.717+01:00  INFO 15836 --- [ecommerce-shop] [main] c.e.plugins.EcommerceShopApplication     : No active profile set, falling back to 1 default profile: "default"
2025-03-07T18:35:46.261+01:00  INFO 15836 --- [ecommerce-shop] [main] .s.d.r.c.RepositoryConfigurationDelegate : Bootstrapping Spring Data JPA repositories in DEFAULT mode.
2025-03-07T18:35:46.282+01:00  INFO 15836 --- [ecommerce-shop] [main] .s.d.r.c.RepositoryConfigurationDelegate : Finished Spring Data repository scanning in 12 ms. Found 0 JPA repository interfaces.
2025-03-07T18:35:46.810+01:00  INFO 15836 --- [ecommerce-shop] [main] o.s.b.w.embedded.tomcat.TomcatWebServer  : Tomcat initialized with port 8080 (http)
2025-03-07T18:35:46.832+01:00  INFO 15836 --- [ecommerce-shop] [main] o.apache.catalina.core.StandardService   : Starting service [Tomcat]
2025-03-07T18:35:46.832+01:00  INFO 15836 --- [ecommerce-shop] [main] o.apache.catalina.core.StandardEngine    : Starting Servlet engine: [Apache Tomcat/10.1.36]
2025-03-07T18:35:46.919+01:00  INFO 15836 --- [ecommerce-shop] [main] o.a.c.c.C.[Tomcat].[localhost].[/]       : Initializing Spring embedded WebApplicationContext
2025-03-07T18:35:46.920+01:00  INFO 15836 --- [ecommerce-shop] [main] w.s.c.ServletWebServerApplicationContext : Root WebApplicationContext: initialization completed in 1167 ms
2025-03-07T18:35:47.019+01:00  INFO 15836 --- [ecommerce-shop] [main] com.zaxxer.hikari.HikariDataSource       : HikariPool-1 - Starting...
2025-03-07T18:35:47.216+01:00  INFO 15836 --- [ecommerce-shop] [main] com.zaxxer.hikari.pool.HikariPool        : HikariPool-1 - Added connection org.postgresql.jdbc.PgConnection@566f1852
2025-03-07T18:35:47.218+01:00  INFO 15836 --- [ecommerce-shop] [main] com.zaxxer.hikari.HikariDataSource       : HikariPool-1 - Start completed.
2025-03-07T18:35:47.320+01:00  INFO 15836 --- [ecommerce-shop] [main] o.hibernate.jpa.internal.util.LogHelper  : HHH000204: Processing PersistenceUnitInfo [name: default]
2025-03-07T18:35:47.385+01:00  INFO 15836 --- [ecommerce-shop] [main] org.hibernate.Version                    : HHH000412: Hibernate ORM core version 6.6.8.Final
2025-03-07T18:35:47.421+01:00  INFO 15836 --- [ecommerce-shop] [main] o.h.c.internal.RegionFactoryInitiator    : HHH000026: Second-level cache disabled
2025-03-07T18:35:47.753+01:00  INFO 15836 --- [ecommerce-shop] [main] o.s.o.j.p.SpringPersistenceUnitInfo      : No LoadTimeWeaver setup: ignoring JPA class transformer
2025-03-07T18:35:47.818+01:00  WARN 15836 --- [ecommerce-shop] [main] org.hibernate.orm.deprecation            : HHH90000025: PostgreSQLDialect does not need to be specified explicitly using 'hibernate.dialect' (remove the property setting and it will be selected by default)
2025-03-07T18:35:47.843+01:00  INFO 15836 --- [ecommerce-shop] [main] org.hibernate.orm.connections.pooling    : HHH10001005: Database info:
	Database JDBC URL [Connecting through datasource 'HikariDataSource (HikariPool-1)']
	Database driver: undefined/unknown
	Database version: 17.4
	Autocommit mode: undefined/unknown
	Isolation level: undefined/unknown
	Minimum pool size: undefined/unknown
	Maximum pool size: undefined/unknown
2025-03-07T18:35:48.217+01:00  INFO 15836 --- [ecommerce-shop] [main] o.h.e.t.j.p.i.JtaPlatformInitiator       : HHH000489: No JTA platform available (set 'hibernate.transaction.jta.platform' to enable JTA platform integration)
2025-03-07T18:35:48.223+01:00  INFO 15836 --- [ecommerce-shop] [main] j.LocalContainerEntityManagerFactoryBean : Initialized JPA EntityManagerFactory for persistence unit 'default'
2025-03-07T18:35:48.276+01:00  WARN 15836 --- [ecommerce-shop] [main] JpaBaseConfiguration$JpaWebConfiguration : spring.jpa.open-in-view is enabled by default. Therefore, database queries may be performed during view rendering. Explicitly configure spring.jpa.open-in-view to disable this warning
2025-03-07T18:35:48.377+01:00 DEBUG 15836 --- [ecommerce-shop] [main] s.w.s.m.m.a.RequestMappingHandlerMapping : 2 mappings in 'requestMappingHandlerMapping'
2025-03-07T18:35:48.463+01:00 DEBUG 15836 --- [ecommerce-shop] [main] o.s.w.s.handler.SimpleUrlHandlerMapping  : Patterns [/webjars/**, /**] in 'resourceHandlerMapping'
2025-03-07T18:35:48.511+01:00 DEBUG 15836 --- [ecommerce-shop] [main] s.w.s.m.m.a.RequestMappingHandlerAdapter : ControllerAdvice beans: 0 @ModelAttribute, 0 @InitBinder, 1 RequestBodyAdvice, 1 ResponseBodyAdvice
2025-03-07T18:35:48.564+01:00 DEBUG 15836 --- [ecommerce-shop] [main] .m.m.a.ExceptionHandlerExceptionResolver : ControllerAdvice beans: 0 @ExceptionHandler, 1 ResponseBodyAdvice
2025-03-07T18:35:48.662+01:00  WARN 15836 --- [ecommerce-shop] [main] .s.s.UserDetailsServiceAutoConfiguration : 

Using generated security password: 9dc5b079-4f52-4e7e-9ac5-df1a32f2a129

This generated password is for development use only. Your security configuration must be updated before running your application in production.

2025-03-07T18:35:48.690+01:00  INFO 15836 --- [ecommerce-shop] [main] r$InitializeUserDetailsManagerConfigurer : Global AuthenticationManager configured with UserDetailsService bean with name inMemoryUserDetailsManager
2025-03-07T18:35:48.823+01:00 DEBUG 15836 --- [ecommerce-shop] [main] o.s.s.web.DefaultSecurityFilterChain     : Will secure any request with filters: DisableEncodeUrlFilter, WebAsyncManagerIntegrationFilter, SecurityContextHolderFilter, HeaderWriterFilter, CsrfFilter, LogoutFilter, UsernamePasswordAuthenticationFilter, DefaultResourcesFilter, DefaultLoginPageGeneratingFilter, DefaultLogoutPageGeneratingFilter, BasicAuthenticationFilter, RequestCacheAwareFilter, SecurityContextHolderAwareRequestFilter, AnonymousAuthenticationFilter, ExceptionTranslationFilter, AuthorizationFilter
2025-03-07T18:35:48.880+01:00  INFO 15836 --- [ecommerce-shop] [main] o.s.b.w.embedded.tomcat.TomcatWebServer  : Tomcat started on port 8080 (http) with context path '/'
2025-03-07T18:35:48.888+01:00  INFO 15836 --- [ecommerce-shop] [main] c.e.plugins.EcommerceShopApplication     : Started EcommerceShopApplication in 3.575 seconds (process running for 3.887)
2025-03-07T18:35:58.605+01:00  INFO 15836 --- [ecommerce-shop] [http-nio-8080-exec-2] o.a.c.c.C.[Tomcat].[localhost].[/]       : Initializing Spring DispatcherServlet 'dispatcherServlet'
2025-03-07T18:35:58.606+01:00  INFO 15836 --- [ecommerce-shop] [http-nio-8080-exec-2] o.s.web.servlet.DispatcherServlet        : Initializing Servlet 'dispatcherServlet'
2025-03-07T18:35:58.606+01:00 DEBUG 15836 --- [ecommerce-shop] [http-nio-8080-exec-2] o.s.web.servlet.DispatcherServlet        : Detected StandardServletMultipartResolver
2025-03-07T18:35:58.606+01:00 DEBUG 15836 --- [ecommerce-shop] [http-nio-8080-exec-2] o.s.web.servlet.DispatcherServlet        : Detected AcceptHeaderLocaleResolver
2025-03-07T18:35:58.607+01:00 DEBUG 15836 --- [ecommerce-shop] [http-nio-8080-exec-2] o.s.web.servlet.DispatcherServlet        : Detected FixedThemeResolver
2025-03-07T18:35:58.608+01:00 DEBUG 15836 --- [ecommerce-shop] [http-nio-8080-exec-2] o.s.web.servlet.DispatcherServlet        : Detected org.springframework.web.servlet.view.DefaultRequestToViewNameTranslator@152891f8
2025-03-07T18:35:58.608+01:00 DEBUG 15836 --- [ecommerce-shop] [http-nio-8080-exec-2] o.s.web.servlet.DispatcherServlet        : Detected org.springframework.web.servlet.support.SessionFlashMapManager@38cf4497
2025-03-07T18:35:58.609+01:00 DEBUG 15836 --- [ecommerce-shop] [http-nio-8080-exec-2] o.s.web.servlet.DispatcherServlet        : enableLoggingRequestDetails='false': request parameters and headers will be masked to prevent unsafe logging of potentially sensitive data
2025-03-07T18:35:58.609+01:00  INFO 15836 --- [ecommerce-shop] [http-nio-8080-exec-2] o.s.web.servlet.DispatcherServlet        : Completed initialization in 3 ms
2025-03-07T18:35:58.628+01:00 DEBUG 15836 --- [ecommerce-shop] [http-nio-8080-exec-1] o.s.security.web.FilterChainProxy        : Securing GET /categories
2025-03-07T18:35:58.628+01:00 DEBUG 15836 --- [ecommerce-shop] [http-nio-8080-exec-2] o.s.security.web.FilterChainProxy        : Securing GET /products
2025-03-07T18:35:58.640+01:00 DEBUG 15836 --- [ecommerce-shop] [http-nio-8080-exec-1] o.s.s.w.a.AnonymousAuthenticationFilter  : Set SecurityContextHolder to anonymous SecurityContext
2025-03-07T18:35:58.640+01:00 DEBUG 15836 --- [ecommerce-shop] [http-nio-8080-exec-2] o.s.s.w.a.AnonymousAuthenticationFilter  : Set SecurityContextHolder to anonymous SecurityContext
2025-03-07T18:35:58.644+01:00 DEBUG 15836 --- [ecommerce-shop] [http-nio-8080-exec-2] s.w.a.DelegatingAuthenticationEntryPoint : Trying to match using And [Not [RequestHeaderRequestMatcher [expectedHeaderName=X-Requested-With, expectedHeaderValue=XMLHttpRequest]], MediaTypeRequestMatcher [contentNegotiationStrategy=org.springframework.web.accept.ContentNegotiationManager@50f05307, matchingMediaTypes=[application/xhtml+xml, image/*, text/html, text/plain], useEquals=false, ignoredMediaTypes=[*/*]]]
2025-03-07T18:35:58.644+01:00 DEBUG 15836 --- [ecommerce-shop] [http-nio-8080-exec-1] s.w.a.DelegatingAuthenticationEntryPoint : Trying to match using And [Not [RequestHeaderRequestMatcher [expectedHeaderName=X-Requested-With, expectedHeaderValue=XMLHttpRequest]], MediaTypeRequestMatcher [contentNegotiationStrategy=org.springframework.web.accept.ContentNegotiationManager@50f05307, matchingMediaTypes=[application/xhtml+xml, image/*, text/html, text/plain], useEquals=false, ignoredMediaTypes=[*/*]]]
2025-03-07T18:35:58.645+01:00 DEBUG 15836 --- [ecommerce-shop] [http-nio-8080-exec-2] s.w.a.DelegatingAuthenticationEntryPoint : Match found! Executing org.springframework.security.web.authentication.LoginUrlAuthenticationEntryPoint@7cbede2b
2025-03-07T18:35:58.645+01:00 DEBUG 15836 --- [ecommerce-shop] [http-nio-8080-exec-1] s.w.a.DelegatingAuthenticationEntryPoint : Match found! Executing org.springframework.security.web.authentication.LoginUrlAuthenticationEntryPoint@7cbede2b
2025-03-07T18:35:58.646+01:00 DEBUG 15836 --- [ecommerce-shop] [http-nio-8080-exec-2] o.s.s.web.DefaultRedirectStrategy        : Redirecting to http://localhost:8080/login
2025-03-07T18:35:58.646+01:00 DEBUG 15836 --- [ecommerce-shop] [http-nio-8080-exec-1] o.s.s.web.DefaultRedirectStrategy        : Redirecting to http://localhost:8080/login
2025-03-07T18:35:58.653+01:00 DEBUG 15836 --- [ecommerce-shop] [http-nio-8080-exec-3] o.s.security.web.FilterChainProxy        : Securing GET /login
2025-03-07T18:35:58.653+01:00 DEBUG 15836 --- [ecommerce-shop] [http-nio-8080-exec-4] o.s.security.web.FilterChainProxy        : Securing GET /login
2025-03-07T18:35:59.029+01:00 DEBUG 15836 --- [ecommerce-shop] [http-nio-8080-exec-5] o.s.security.web.FilterChainProxy        : Securing GET /products
2025-03-07T18:35:59.029+01:00 DEBUG 15836 --- [ecommerce-shop] [http-nio-8080-exec-6] o.s.security.web.FilterChainProxy        : Securing GET /categories
2025-03-07T18:35:59.030+01:00 DEBUG 15836 --- [ecommerce-shop] [http-nio-8080-exec-5] o.s.s.w.a.AnonymousAuthenticationFilter  : Set SecurityContextHolder to anonymous SecurityContext
2025-03-07T18:35:59.030+01:00 DEBUG 15836 --- [ecommerce-shop] [http-nio-8080-exec-6] o.s.s.w.a.AnonymousAuthenticationFilter  : Set SecurityContextHolder to anonymous SecurityContext
2025-03-07T18:35:59.030+01:00 DEBUG 15836 --- [ecommerce-shop] [http-nio-8080-exec-5] s.w.a.DelegatingAuthenticationEntryPoint : Trying to match using And [Not [RequestHeaderRequestMatcher [expectedHeaderName=X-Requested-With, expectedHeaderValue=XMLHttpRequest]], MediaTypeRequestMatcher [contentNegotiationStrategy=org.springframework.web.accept.ContentNegotiationManager@50f05307, matchingMediaTypes=[application/xhtml+xml, image/*, text/html, text/plain], useEquals=false, ignoredMediaTypes=[*/*]]]
2025-03-07T18:35:59.030+01:00 DEBUG 15836 --- [ecommerce-shop] [http-nio-8080-exec-6] s.w.a.DelegatingAuthenticationEntryPoint : Trying to match using And [Not [RequestHeaderRequestMatcher [expectedHeaderName=X-Requested-With, expectedHeaderValue=XMLHttpRequest]], MediaTypeRequestMatcher [contentNegotiationStrategy=org.springframework.web.accept.ContentNegotiationManager@50f05307, matchingMediaTypes=[application/xhtml+xml, image/*, text/html, text/plain], useEquals=false, ignoredMediaTypes=[*/*]]]
2025-03-07T18:35:59.031+01:00 DEBUG 15836 --- [ecommerce-shop] [http-nio-8080-exec-5] s.w.a.DelegatingAuthenticationEntryPoint : Match found! Executing org.springframework.security.web.authentication.LoginUrlAuthenticationEntryPoint@7cbede2b
2025-03-07T18:35:59.031+01:00 DEBUG 15836 --- [ecommerce-shop] [http-nio-8080-exec-6] s.w.a.DelegatingAuthenticationEntryPoint : Match found! Executing org.springframework.security.web.authentication.LoginUrlAuthenticationEntryPoint@7cbede2b
2025-03-07T18:35:59.031+01:00 DEBUG 15836 --- [ecommerce-shop] [http-nio-8080-exec-5] o.s.s.web.DefaultRedirectStrategy        : Redirecting to http://localhost:8080/login
2025-03-07T18:35:59.032+01:00 DEBUG 15836 --- [ecommerce-shop] [http-nio-8080-exec-6] o.s.s.web.DefaultRedirectStrategy        : Redirecting to http://localhost:8080/login
2025-03-07T18:36:58.628+01:00  INFO 15836 --- [ecommerce-shop] [SpringApplicationShutdownHook] o.s.b.w.e.tomcat.GracefulShutdown        : Commencing graceful shutdown. Waiting for active requests to complete
2025-03-07T18:36:58.664+01:00  INFO 15836 --- [ecommerce-shop] [tomcat-shutdown] o.s.b.w.e.tomcat.GracefulShutdown        : Graceful shutdown complete
2025-03-07T18:36:58.668+01:00  INFO 15836 --- [ecommerce-shop] [SpringApplicationShutdownHook] j.LocalContainerEntityManagerFactoryBean : Closing JPA EntityManagerFactory for persistence unit 'default'
2025-03-07T18:36:58.671+01:00  INFO 15836 --- [ecommerce-shop] [SpringApplicationShutdownHook] com.zaxxer.hikari.HikariDataSource       : HikariPool-1 - Shutdown initiated...
2025-03-07T18:36:58.672+01:00  INFO 15836 --- [ecommerce-shop] [SpringApplicationShutdownHook] com.zaxxer.hikari.HikariDataSource       : HikariPool-1 - Shutdown completed.
